<?xml version="1.0" encoding="UTF-8"?>
<!-- Generated by org.testng.reporters.JUnitReportReporter -->
<testsuite hostname="khalnayak" name="com.testautomation.selenium.screen.LoginScreen" tests="1" failures="0" timestamp="13 Jul 2019 13:48:59 GMT" time="57.773" errors="0">
  <testcase name="getChromeDriver" time="57.773" classname="com.testautomation.selenium.screen.LoginScreen"/>
</testsuite> <!-- com.testautomation.selenium.screen.LoginScreen -->
